Using pre-set license
Built from '2020.3/staging' branch; Version is '2020.3.30f1 (1fb1bf06830e) revision 2077119'; Using compiler version '192528614'; Build Type 'Release'
OS: 'Windows 10  (10.0.19044) 64bit CoreCountrySpecific' Language: 'zh' Physical Memory: 32405 MB
BatchMode: 1, IsHumanControllingUs: 0, StartBugReporterOnCrash: 0, Is64bit: 1, IsPro: 0

COMMAND LINE ARGUMENTS:
C:\Program Files\Unity\Hub\Editor\2020.3.30f1\Editor\Unity.exe
-adb2
-batchMode
-noUpm
-name
AssetImportWorker0
-projectPath
E:/HWU courses/Unity/ChessProject(1)/ChessProject
-logFile
Logs/AssetImportWorker0.log
-srvPort
56537
Successfully changed project path to: E:/HWU courses/Unity/ChessProject(1)/ChessProject
E:/HWU courses/Unity/ChessProject(1)/ChessProject
Using Asset Import Pipeline V2.
Refreshing native plugins compatible for Editor in 40.15 ms, found 4 plugins.
Preloading 0 native plugins for Editor in 0.00 ms.
Initialize engine version: 2020.3.30f1 (1fb1bf06830e)
[Subsystems] Discovering subsystems at path C:/Program Files/Unity/Hub/Editor/2020.3.30f1/Editor/Data/Resources/UnitySubsystems
[Subsystems] Discovering subsystems at path E:/HWU courses/Unity/ChessProject(1)/ChessProject/Assets
GfxDevice: creating device client; threaded=0
Direct3D:
    Version:  Direct3D 11.0 [level 11.1]
    Renderer: NVIDIA GeForce RTX 3080 Laptop GPU (ID=0x24dc)
    Vendor:   
    VRAM:     16201 MB
    Driver:   30.0.15.1115
Initialize mono
Mono path[0] = 'C:/Program Files/Unity/Hub/Editor/2020.3.30f1/Editor/Data/Managed'
Mono path[1] = 'C:/Program Files/Unity/Hub/Editor/2020.3.30f1/Editor/Data/MonoBleedingEdge/lib/mono/unityjit'
Mono config path = 'C:/Program Files/Unity/Hub/Editor/2020.3.30f1/Editor/Data/MonoBleedingEdge/etc'
Using monoOptions --debugger-agent=transport=dt_socket,embedding=1,server=y,suspend=n,address=127.0.0.1:56000
Begin MonoManager ReloadAssembly
Registering precompiled unity dll's ...
Register platform support module: C:/Program Files/Unity/Hub/Editor/2020.3.30f1/Editor/Data/PlaybackEngines/WindowsStandaloneSupport/UnityEditor.WindowsStandalone.Extensions.dll
Registered in 0.001773 seconds.
Native extension for WindowsStandalone target not found
Refreshing native plugins compatible for Editor in 37.82 ms, found 4 plugins.
Preloading 0 native plugins for Editor in 0.00 ms.
Mono: successfully reloaded assembly
- Completed reload, in  0.475 seconds
Domain Reload Profiling:
	ReloadAssembly (476ms)
		BeginReloadAssembly (51ms)
			ExecutionOrderSort (0ms)
			DisableScriptedObjects (0ms)
			BackupInstance (0ms)
			ReleaseScriptingObjects (0ms)
			CreateAndSetChildDomain (1ms)
		EndReloadAssembly (371ms)
			LoadAssemblies (49ms)
			RebuildTransferFunctionScriptingTraits (0ms)
			SetupTypeCache (110ms)
			ReleaseScriptCaches (0ms)
			RebuildScriptCaches (21ms)
			SetupLoadedEditorAssemblies (146ms)
				LogAssemblyErrors (0ms)
				InitializePlatformSupportModulesInManaged (4ms)
				SetLoadedEditorAssemblies (0ms)
				RefreshPlugins (38ms)
				BeforeProcessingInitializeOnLoad (13ms)
				ProcessInitializeOnLoadAttributes (68ms)
				ProcessInitializeOnLoadMethodAttributes (23ms)
				AfterProcessingInitializeOnLoad (0ms)
				EditorAssembliesLoaded (0ms)
			ExecutionOrderSort2 (0ms)
			AwakeInstancesAfterBackupRestoration (0ms)
Platform modules already initialized, skipping
Registering precompiled user dll's ...
Registered in 0.003448 seconds.
Begin MonoManager ReloadAssembly
Native extension for WindowsStandalone target not found
Refreshing native plugins compatible for Editor in 0.59 ms, found 4 plugins.
Preloading 0 native plugins for Editor in 0.00 ms.
Mono: successfully reloaded assembly
- Completed reload, in  0.812 seconds
Domain Reload Profiling:
	ReloadAssembly (812ms)
		BeginReloadAssembly (115ms)
			ExecutionOrderSort (0ms)
			DisableScriptedObjects (3ms)
			BackupInstance (0ms)
			ReleaseScriptingObjects (0ms)
			CreateAndSetChildDomain (15ms)
		EndReloadAssembly (651ms)
			LoadAssemblies (80ms)
			RebuildTransferFunctionScriptingTraits (0ms)
			SetupTypeCache (201ms)
			ReleaseScriptCaches (0ms)
			RebuildScriptCaches (32ms)
			SetupLoadedEditorAssemblies (284ms)
				LogAssemblyErrors (0ms)
				InitializePlatformSupportModulesInManaged (4ms)
				SetLoadedEditorAssemblies (0ms)
				RefreshPlugins (1ms)
				BeforeProcessingInitializeOnLoad (69ms)
				ProcessInitializeOnLoadAttributes (174ms)
				ProcessInitializeOnLoadMethodAttributes (31ms)
				AfterProcessingInitializeOnLoad (5ms)
				EditorAssembliesLoaded (0ms)
			ExecutionOrderSort2 (0ms)
			AwakeInstancesAfterBackupRestoration (4ms)
Platform modules already initialized, skipping
========================================================================
Worker process is ready to serve import requests
Launched and connected shader compiler UnityShaderCompiler.exe after 0.04 seconds
Refreshing native plugins compatible for Editor in 0.82 ms, found 4 plugins.
Preloading 0 native plugins for Editor in 0.00 ms.
Unloading 2190 Unused Serialized files (Serialized files now loaded: 0)
System memory in use before: 89.4 MB.
System memory in use after: 89.4 MB.

Unloading 61 unused Assets to reduce memory usage. Loaded Objects now: 2592.
Total: 4.860700 ms (FindLiveObjects: 0.131800 ms CreateObjectMapping: 0.049800 ms MarkObjects: 4.563800 ms  DeleteObjects: 0.113700 ms)

AssetImportParameters requested are different than current active one (requested -> active):
  custom:framework-win-MediaFoundation: 216162199b28c13a410421893ffa2e32 -> 
  custom:video-decoder-ogg-theora: a1e56fd34408186e4bbccfd4996cb3dc -> 
  custom:container-muxer-webm: aa71ff27fc2769a1b78a27578f13a17b -> 
  custom:container-demuxer-webm: 4f35f7cbe854078d1ac9338744f61a02 -> 
  custom:container-demuxer-ogg: 62fdf1f143b41e24485cea50d1cbac27 -> 
  custom:video-encoder-webm-vp8: eb34c28f22e8b96e1ab97ce403110664 -> 
  custom:video-codec-MediaFoundation-h265: 746d11721c4dcdbdad8f713fa42b33f4 -> 
  custom:video-decoder-webm-vp8: 9c59270c3fd7afecdb556c50c9e8de78 -> 
  custom:audio-decoder-ogg-vorbis: bf7c407c2cedff20999df2af8eb42d56 -> 
  custom:audio-encoder-webm-vorbis: bf7c407c2cedff20999df2af8eb42d56 -> 
========================================================================
Received Import Request.
  path: Assets/Samples/Tobii Unity SDK for Desktop/4.1.0/Gaze Point Data/Scripts/CloudPointVisualizer.cs
  artifactKey: Guid(ed76e6470b56bb74ab0f19813463ebfd) Importer(815301076,1909f56bfc062723c751e8b465ee728b)
Start importing Assets/Samples/Tobii Unity SDK for Desktop/4.1.0/Gaze Point Data/Scripts/CloudPointVisualizer.cs using Guid(ed76e6470b56bb74ab0f19813463ebfd) Importer(815301076,1909f56bfc062723c751e8b465ee728b)  -> (artifact id: 'fcb80a87f3d0c3071344d3c9531c569e') in 0.019851 seconds 
========================================================================
Received Import Request.
  Time since last request: 68.004365 seconds.
  path: Assets/Samples/Tobii Unity SDK for Desktop/4.1.0/Gaze Point Data/Scripts
  artifactKey: Guid(90d0bbd4a6979fd4098b77f54b2a40c1) Importer(815301076,1909f56bfc062723c751e8b465ee728b)
Start importing Assets/Samples/Tobii Unity SDK for Desktop/4.1.0/Gaze Point Data/Scripts using Guid(90d0bbd4a6979fd4098b77f54b2a40c1) Importer(815301076,1909f56bfc062723c751e8b465ee728b)  -> (artifact id: '676f5f7c74f2d0456d3c9290a197da48') in 0.001444 seconds 
========================================================================
Received Import Request.
  Time since last request: 7.033510 seconds.
  path: Assets/Samples/Tobii Unity SDK for Desktop/4.1.0/Gaze Point Data/Scripts/empty.cs
  artifactKey: Guid(ce61367d9a7701340a10b925606ab9ec) Importer(815301076,1909f56bfc062723c751e8b465ee728b)
Start importing Assets/Samples/Tobii Unity SDK for Desktop/4.1.0/Gaze Point Data/Scripts/empty.cs using Guid(ce61367d9a7701340a10b925606ab9ec) Importer(815301076,1909f56bfc062723c751e8b465ee728b)  -> (artifact id: '82b6e87b2ce7743f904a40a2dbd23983') in 0.002770 seconds 
========================================================================
Received Prepare
Registering precompiled user dll's ...
Registered in 0.003118 seconds.
Begin MonoManager ReloadAssembly
Native extension for WindowsStandalone target not found
Refreshing native plugins compatible for Editor in 0.79 ms, found 4 plugins.
Preloading 0 native plugins for Editor in 0.00 ms.
Mono: successfully reloaded assembly
- Completed reload, in  0.816 seconds
Domain Reload Profiling:
	ReloadAssembly (817ms)
		BeginReloadAssembly (100ms)
			ExecutionOrderSort (0ms)
			DisableScriptedObjects (4ms)
			BackupInstance (0ms)
			ReleaseScriptingObjects (0ms)
			CreateAndSetChildDomain (29ms)
		EndReloadAssembly (669ms)
			LoadAssemblies (82ms)
			RebuildTransferFunctionScriptingTraits (0ms)
			SetupTypeCache (205ms)
			ReleaseScriptCaches (1ms)
			RebuildScriptCaches (40ms)
			SetupLoadedEditorAssemblies (275ms)
				LogAssemblyErrors (0ms)
				InitializePlatformSupportModulesInManaged (4ms)
				SetLoadedEditorAssemblies (0ms)
				RefreshPlugins (1ms)
				BeforeProcessingInitializeOnLoad (73ms)
				ProcessInitializeOnLoadAttributes (162ms)
				ProcessInitializeOnLoadMethodAttributes (28ms)
				AfterProcessingInitializeOnLoad (7ms)
				EditorAssembliesLoaded (0ms)
			ExecutionOrderSort2 (0ms)
			AwakeInstancesAfterBackupRestoration (5ms)
Platform modules already initialized, skipping
Refreshing native plugins compatible for Editor in 0.60 ms, found 4 plugins.
Preloading 0 native plugins for Editor in 0.00 ms.
Unloading 2184 Unused Serialized files (Serialized files now loaded: 0)
System memory in use before: 89.3 MB.
System memory in use after: 89.4 MB.

Unloading 52 unused Assets to reduce memory usage. Loaded Objects now: 2595.
Total: 4.307600 ms (FindLiveObjects: 0.122000 ms CreateObjectMapping: 0.036300 ms MarkObjects: 4.108100 ms  DeleteObjects: 0.040100 ms)

AssetImportParameters requested are different than current active one (requested -> active):
  custom:framework-win-MediaFoundation: 216162199b28c13a410421893ffa2e32 -> 
  custom:video-decoder-ogg-theora: a1e56fd34408186e4bbccfd4996cb3dc -> 
  custom:container-muxer-webm: aa71ff27fc2769a1b78a27578f13a17b -> 
  custom:container-demuxer-webm: 4f35f7cbe854078d1ac9338744f61a02 -> 
  custom:container-demuxer-ogg: 62fdf1f143b41e24485cea50d1cbac27 -> 
  custom:video-encoder-webm-vp8: eb34c28f22e8b96e1ab97ce403110664 -> 
  custom:video-codec-MediaFoundation-h265: 746d11721c4dcdbdad8f713fa42b33f4 -> 
  custom:video-decoder-webm-vp8: 9c59270c3fd7afecdb556c50c9e8de78 -> 
  custom:audio-decoder-ogg-vorbis: bf7c407c2cedff20999df2af8eb42d56 -> 
  custom:audio-encoder-webm-vorbis: bf7c407c2cedff20999df2af8eb42d56 -> 
========================================================================
Received Import Request.
  Time since last request: 180.490371 seconds.
  path: Assets/Samples/Tobii Unity SDK for Desktop/4.1.0/Gaze Point Data/Scripts/NotEyeTrackingReleated
  artifactKey: Guid(3725afdd3cea1084fb9be337bf3f54aa) Importer(815301076,1909f56bfc062723c751e8b465ee728b)
Start importing Assets/Samples/Tobii Unity SDK for Desktop/4.1.0/Gaze Point Data/Scripts/NotEyeTrackingReleated using Guid(3725afdd3cea1084fb9be337bf3f54aa) Importer(815301076,1909f56bfc062723c751e8b465ee728b)  -> (artifact id: 'cf2d7f24ed4dacfe0618cae5a67eb569') in 0.006757 seconds 
========================================================================
Received Import Request.
  Time since last request: 0.490572 seconds.
  path: Assets/Samples/Tobii Unity SDK for Desktop/4.1.0/Gaze Point Data/Scripts/PrintGazePosition.cs
  artifactKey: Guid(f3c96c252bd38834db6c8579e70fa65d) Importer(815301076,1909f56bfc062723c751e8b465ee728b)
Start importing Assets/Samples/Tobii Unity SDK for Desktop/4.1.0/Gaze Point Data/Scripts/PrintGazePosition.cs using Guid(f3c96c252bd38834db6c8579e70fa65d) Importer(815301076,1909f56bfc062723c751e8b465ee728b)  -> (artifact id: '5af4fb4eae2c5542cf2892da65574e2c') in 0.001624 seconds 
========================================================================
Received Import Request.
  Time since last request: 0.454140 seconds.
  path: Assets/Samples/Tobii Unity SDK for Desktop/4.1.0/Gaze Point Data/Scripts/ShowNoGazeDetection.cs
  artifactKey: Guid(d055c80793694aa48b588262c6f931bb) Importer(815301076,1909f56bfc062723c751e8b465ee728b)
Start importing Assets/Samples/Tobii Unity SDK for Desktop/4.1.0/Gaze Point Data/Scripts/ShowNoGazeDetection.cs using Guid(d055c80793694aa48b588262c6f931bb) Importer(815301076,1909f56bfc062723c751e8b465ee728b)  -> (artifact id: 'eaf24bf416728435bd0abfeee1a0b475') in 0.001662 seconds 
========================================================================
Received Import Request.
  Time since last request: 768.943041 seconds.
  path: Packages/com.tobii.gaming.sdk/Runtime/Framework/GazeAware.cs
  artifactKey: Guid(4ea70dd2db49e6046875c2c2e2e8116c) Importer(815301076,1909f56bfc062723c751e8b465ee728b)
Start importing Packages/com.tobii.gaming.sdk/Runtime/Framework/GazeAware.cs using Guid(4ea70dd2db49e6046875c2c2e2e8116c) Importer(815301076,1909f56bfc062723c751e8b465ee728b)  -> (artifact id: 'a2a14cb077c6ef01e1d59fb1db7cf8a8') in 0.001712 seconds 
AssetImportWorkerClient::OnTransportError - code=2 error=End of file
